Using pre-set license
Built from '2020.3/staging' branch; Version is '2020.3.8f1 (507919d4fff5) revision 5273881'; Using compiler version '192528614'; Build Type 'Release'
OS: 'Windows 10 Pro; OS build 19042.1165; Version 2009; 64bit' Language: 'tr' Physical Memory: 8111 MB
BatchMode: 1, IsHumanControllingUs: 0, StartBugReporterOnCrash: 0, Is64bit: 1, IsPro: 0

 COMMAND LINE ARGUMENTS:
C:\Program Files\Unity\Hub\Editor\2020.3.8f1\Editor\Unity.exe
-adb2
-batchMode
-noUpm
-name
AssetImportWorker0
-projectPath
C:/Users/firat/Desktop/sky/PokeyBall_SkyGlider_Game-main/New Unity Project
-logFile
Logs/AssetImportWorker0.log
-srvPort
64417
Successfully changed project path to: C:/Users/firat/Desktop/sky/PokeyBall_SkyGlider_Game-main/New Unity Project
C:/Users/firat/Desktop/sky/PokeyBall_SkyGlider_Game-main/New Unity Project
Using Asset Import Pipeline V2.
Refreshing native plugins compatible for Editor in 28.72 ms, found 0 plugins.
Preloading 0 native plugins for Editor in 0.00 ms.
Initialize engine version: 2020.3.8f1 (507919d4fff5)
[Subsystems] Discovering subsystems at path C:/Program Files/Unity/Hub/Editor/2020.3.8f1/Editor/Data/Resources/UnitySubsystems
[Subsystems] Discovering subsystems at path C:/Users/firat/Desktop/sky/PokeyBall_SkyGlider_Game-main/New Unity Project/Assets
GfxDevice: creating device client; threaded=0
Direct3D:
    Version:  Direct3D 11.0 [level 11.0]
    Renderer: NVIDIA GeForce GTX 950M (ID=0x139a)
    Vendor:   
    VRAM:     2010 MB
    Driver:   30.0.14.7196
Initialize mono
Mono path[0] = 'C:/Program Files/Unity/Hub/Editor/2020.3.8f1/Editor/Data/Managed'
Mono path[1] = 'C:/Program Files/Unity/Hub/Editor/2020.3.8f1/Editor/Data/MonoBleedingEdge/lib/mono/unityjit'
Mono config path = 'C:/Program Files/Unity/Hub/Editor/2020.3.8f1/Editor/Data/MonoBleedingEdge/etc'
Using monoOptions --debugger-agent=transport=dt_socket,embedding=1,server=y,suspend=n,address=127.0.0.1:56564
Begin MonoManager ReloadAssembly
Registering precompiled unity dll's ...
Register platform support module: C:/Program Files/Unity/Hub/Editor/2020.3.8f1/Editor/Data/PlaybackEngines/WindowsStandaloneSupport/UnityEditor.WindowsStandalone.Extensions.dll
Registered in 0.002587 seconds.
Native extension for WindowsStandalone target not found
Refreshing native plugins compatible for Editor in 45.62 ms, found 0 plugins.
Preloading 0 native plugins for Editor in 0.00 ms.
Mono: successfully reloaded assembly
- Completed reload, in  1.677 seconds
Platform modules already initialized, skipping
Registering precompiled user dll's ...
Registered in 0.000799 seconds.
Begin MonoManager ReloadAssembly
Native extension for WindowsStandalone target not found
Refreshing native plugins compatible for Editor in 0.28 ms, found 0 plugins.
Preloading 0 native plugins for Editor in 0.00 ms.
Mono: successfully reloaded assembly
- Completed reload, in  1.082 seconds
Platform modules already initialized, skipping
========================================================================
Worker process is ready to serve import requests
Launched and connected shader compiler UnityShaderCompiler.exe after 0.06 seconds
Refreshing native plugins compatible for Editor in 0.33 ms, found 0 plugins.
Preloading 0 native plugins for Editor in 0.00 ms.
Unloading 1139 Unused Serialized files (Serialized files now loaded: 0)
System memory in use before: 67.0 MB.
System memory in use after: 67.1 MB.

Unloading 10 unused Assets to reduce memory usage. Loaded Objects now: 1596.
Total: 2.714200 ms (FindLiveObjects: 0.245300 ms CreateObjectMapping: 0.113800 ms MarkObjects: 2.241000 ms  DeleteObjects: 0.111800 ms)

========================================================================
Received Import Request.
  path: Assets/Scripts/Player/PlayerControlScript.cs
  artifactKey: Guid(acdaab8f2319c39479e8efd5ef3a3d1f) Importer(815301076,1909f56bfc062723c751e8b465ee728b)
Start importing Assets/Scripts/Player/PlayerControlScript.cs using Guid(acdaab8f2319c39479e8efd5ef3a3d1f) Importer(815301076,1909f56bfc062723c751e8b465ee728b)  -> (artifact id: '1d12012b7b6d8df0aceff11df1b66e8f') in 0.296236 seconds
  Import took 0.303832 seconds .

========================================================================
Received Prepare
Registering precompiled user dll's ...
Registered in 0.000814 seconds.
Begin MonoManager ReloadAssembly
Native extension for WindowsStandalone target not found
Refreshing native plugins compatible for Editor in 0.47 ms, found 0 plugins.
Preloading 0 native plugins for Editor in 0.00 ms.
Mono: successfully reloaded assembly
- Completed reload, in  1.196 seconds
Platform modules already initialized, skipping
Refreshing native plugins compatible for Editor in 0.34 ms, found 0 plugins.
Preloading 0 native plugins for Editor in 0.00 ms.
Unloading 1120 Unused Serialized files (Serialized files now loaded: 0)
System memory in use before: 65.6 MB.
System memory in use after: 65.7 MB.

Unloading 5 unused Assets to reduce memory usage. Loaded Objects now: 1599.
Total: 1.962300 ms (FindLiveObjects: 0.170900 ms CreateObjectMapping: 0.082800 ms MarkObjects: 1.651300 ms  DeleteObjects: 0.056000 ms)

========================================================================
Received Prepare
Registering precompiled user dll's ...
Registered in 0.001962 seconds.
Begin MonoManager ReloadAssembly
Native extension for WindowsStandalone target not found
Refreshing native plugins compatible for Editor in 0.42 ms, found 0 plugins.
Preloading 0 native plugins for Editor in 0.00 ms.
Mono: successfully reloaded assembly
- Completed reload, in  0.992 seconds
Platform modules already initialized, skipping
Refreshing native plugins compatible for Editor in 0.32 ms, found 0 plugins.
Preloading 0 native plugins for Editor in 0.00 ms.
Unloading 1120 Unused Serialized files (Serialized files now loaded: 0)
System memory in use before: 65.6 MB.
System memory in use after: 65.7 MB.

Unloading 5 unused Assets to reduce memory usage. Loaded Objects now: 1602.
Total: 2.379500 ms (FindLiveObjects: 0.221900 ms CreateObjectMapping: 0.092800 ms MarkObjects: 1.995000 ms  DeleteObjects: 0.068500 ms)

========================================================================
Received Prepare
Registering precompiled user dll's ...
Registered in 0.001309 seconds.
Begin MonoManager ReloadAssembly
Native extension for WindowsStandalone target not found
Refreshing native plugins compatible for Editor in 0.28 ms, found 0 plugins.
Preloading 0 native plugins for Editor in 0.00 ms.
Mono: successfully reloaded assembly
- Completed reload, in  0.998 seconds
Platform modules already initialized, skipping
Refreshing native plugins compatible for Editor in 0.34 ms, found 0 plugins.
Preloading 0 native plugins for Editor in 0.00 ms.
Unloading 1120 Unused Serialized files (Serialized files now loaded: 0)
System memory in use before: 65.6 MB.
System memory in use after: 65.7 MB.

Unloading 5 unused Assets to reduce memory usage. Loaded Objects now: 1605.
Total: 2.501400 ms (FindLiveObjects: 0.221000 ms CreateObjectMapping: 0.101600 ms MarkObjects: 2.105900 ms  DeleteObjects: 0.071300 ms)

========================================================================
Received Prepare
Registering precompiled user dll's ...
Registered in 0.000843 seconds.
Begin MonoManager ReloadAssembly
Native extension for WindowsStandalone target not found
Refreshing native plugins compatible for Editor in 0.28 ms, found 0 plugins.
Preloading 0 native plugins for Editor in 0.00 ms.
Mono: successfully reloaded assembly
- Completed reload, in  1.060 seconds
Platform modules already initialized, skipping
Refreshing native plugins compatible for Editor in 0.39 ms, found 0 plugins.
Preloading 0 native plugins for Editor in 0.00 ms.
Unloading 1120 Unused Serialized files (Serialized files now loaded: 0)
System memory in use before: 65.6 MB.
System memory in use after: 65.7 MB.

Unloading 5 unused Assets to reduce memory usage. Loaded Objects now: 1608.
Total: 2.560300 ms (FindLiveObjects: 0.215500 ms CreateObjectMapping: 0.112400 ms MarkObjects: 2.159400 ms  DeleteObjects: 0.071400 ms)

========================================================================
Received Prepare
Registering precompiled user dll's ...
Registered in 0.000947 seconds.
Begin MonoManager ReloadAssembly
Native extension for WindowsStandalone target not found
Refreshing native plugins compatible for Editor in 0.29 ms, found 0 plugins.
Preloading 0 native plugins for Editor in 0.00 ms.
Mono: successfully reloaded assembly
- Completed reload, in  0.970 seconds
Platform modules already initialized, skipping
Refreshing native plugins compatible for Editor in 0.33 ms, found 0 plugins.
Preloading 0 native plugins for Editor in 0.00 ms.
Unloading 1120 Unused Serialized files (Serialized files now loaded: 0)
System memory in use before: 65.7 MB.
System memory in use after: 65.7 MB.

Unloading 5 unused Assets to reduce memory usage. Loaded Objects now: 1611.
Total: 2.072200 ms (FindLiveObjects: 0.157700 ms CreateObjectMapping: 0.073600 ms MarkObjects: 1.784500 ms  DeleteObjects: 0.055600 ms)

========================================================================
Received Import Request.
  Time since last request: 1918.145530 seconds.
  path: Assets/prefebs/Low Poly Pack - Environment Lite/Prefabs
  artifactKey: Guid(2eecaaf879d00f342988097b622a6c3c) Importer(815301076,1909f56bfc062723c751e8b465ee728b)
Start importing Assets/prefebs/Low Poly Pack - Environment Lite/Prefabs using Guid(2eecaaf879d00f342988097b622a6c3c) Importer(815301076,1909f56bfc062723c751e8b465ee728b)  -> (artifact id: '407ab2599ce2343cf67aeb3bbf23038f') in 0.013278 seconds
  Import took 0.016327 seconds .

========================================================================
Received Import Request.
  Time since last request: 0.000630 seconds.
  path: Assets/prefebs/Low Poly Pack - Environment Lite/Prefabs
  artifactKey: Guid(2eecaaf879d00f342988097b622a6c3c) Importer(815301076,1909f56bfc062723c751e8b465ee728b)
Start importing Assets/prefebs/Low Poly Pack - Environment Lite/Prefabs using Guid(2eecaaf879d00f342988097b622a6c3c) Importer(815301076,1909f56bfc062723c751e8b465ee728b)  -> (artifact id: '407ab2599ce2343cf67aeb3bbf23038f') in 0.003744 seconds
  Import took 0.006770 seconds .

========================================================================
Received Import Request.
  Time since last request: 0.168646 seconds.
  path: Assets/prefebs/Low Poly Pack - Environment Lite/Prefabs/Apple_1_1.prefab
  artifactKey: Guid(040b672c2038c2d47b816ecd2d7e6855) Importer(815301076,1909f56bfc062723c751e8b465ee728b)
Start importing Assets/prefebs/Low Poly Pack - Environment Lite/Prefabs/Apple_1_1.prefab using Guid(040b672c2038c2d47b816ecd2d7e6855) Importer(815301076,1909f56bfc062723c751e8b465ee728b)  -> (artifact id: 'f348c1a646fc63413772ccdf38084535') in 0.593741 seconds
  Import took 0.596740 seconds .

========================================================================
Received Import Request.
  Time since last request: 0.000309 seconds.
  path: Assets/prefebs/Low Poly Pack - Environment Lite/Prefabs/Rock_1_14.prefab
  artifactKey: Guid(df0f27793bc05fd418cf529145be8f42) Importer(815301076,1909f56bfc062723c751e8b465ee728b)
Start importing Assets/prefebs/Low Poly Pack - Environment Lite/Prefabs/Rock_1_14.prefab using Guid(df0f27793bc05fd418cf529145be8f42) Importer(815301076,1909f56bfc062723c751e8b465ee728b)  -> (artifact id: 'a1daafa7e80b37f48b8017eff46f3407') in 0.021170 seconds
  Import took 0.034702 seconds .

========================================================================
Received Import Request.
  Time since last request: 0.000222 seconds.
  path: Assets/prefebs/Low Poly Pack - Environment Lite/Prefabs/Jug_1_1.prefab
  artifactKey: Guid(3f8628d3168b23b4d85aad52bdf6b92c) Importer(815301076,1909f56bfc062723c751e8b465ee728b)
Start importing Assets/prefebs/Low Poly Pack - Environment Lite/Prefabs/Jug_1_1.prefab using Guid(3f8628d3168b23b4d85aad52bdf6b92c) Importer(815301076,1909f56bfc062723c751e8b465ee728b)  -> (artifact id: 'f012a58acd7ba5df5fca3908ba2dc7d8') in 0.038652 seconds
  Import took 0.041366 seconds .

========================================================================
Received Import Request.
  Time since last request: 0.000243 seconds.
  path: Assets/prefebs/Low Poly Pack - Environment Lite/Prefabs/Box_1_1.prefab
  artifactKey: Guid(d9ca2450b9e177741a476d5aaa169cb9) Importer(815301076,1909f56bfc062723c751e8b465ee728b)
Start importing Assets/prefebs/Low Poly Pack - Environment Lite/Prefabs/Box_1_1.prefab using Guid(d9ca2450b9e177741a476d5aaa169cb9) Importer(815301076,1909f56bfc062723c751e8b465ee728b)  -> (artifact id: 'a920f0789bf9f7209f62bba7b0b8681e') in 0.020415 seconds
  Import took 0.023158 seconds .

========================================================================
Received Import Request.
  Time since last request: 0.000230 seconds.
  path: Assets/prefebs/Low Poly Pack - Environment Lite/Prefabs/Flower_1_1.prefab
  artifactKey: Guid(c42299fb6ecdcf54c84c5367203aa50a) Importer(815301076,1909f56bfc062723c751e8b465ee728b)
Start importing Assets/prefebs/Low Poly Pack - Environment Lite/Prefabs/Flower_1_1.prefab using Guid(c42299fb6ecdcf54c84c5367203aa50a) Importer(815301076,1909f56bfc062723c751e8b465ee728b)  -> (artifact id: 'da73982069608b547c455f198bd4faea') in 0.027654 seconds
  Import took 0.031976 seconds .

========================================================================
Received Import Request.
  Time since last request: 0.000222 seconds.
  path: Assets/prefebs/Low Poly Pack - Environment Lite/Prefabs/Bottle_1_6.prefab
  artifactKey: Guid(860c4fbd249df314696fe6793fe2768a) Importer(815301076,1909f56bfc062723c751e8b465ee728b)
Start importing Assets/prefebs/Low Poly Pack - Environment Lite/Prefabs/Bottle_1_6.prefab using Guid(860c4fbd249df314696fe6793fe2768a) Importer(815301076,1909f56bfc062723c751e8b465ee728b)  -> (artifact id: '0746798f23700b9bf878c29d466a53d7') in 0.033178 seconds
  Import took 0.036799 seconds .

========================================================================
Received Import Request.
  Time since last request: 0.000213 seconds.
  path: Assets/prefebs/Low Poly Pack - Environment Lite/Prefabs/Cart_2_4.prefab
  artifactKey: Guid(2d67746288ab6aa44ab27b152d9b0cf4) Importer(815301076,1909f56bfc062723c751e8b465ee728b)
Start importing Assets/prefebs/Low Poly Pack - Environment Lite/Prefabs/Cart_2_4.prefab using Guid(2d67746288ab6aa44ab27b152d9b0cf4) Importer(815301076,1909f56bfc062723c751e8b465ee728b)  -> (artifact id: '9d4f5c54f7b552de6aa96f812ced7397') in 0.039687 seconds
  Import took 0.061218 seconds .

========================================================================
Received Import Request.
  Time since last request: 0.000248 seconds.
  path: Assets/prefebs/Low Poly Pack - Environment Lite/Prefabs/Bush_2_2.prefab
  artifactKey: Guid(1bc3d03f7253373488e2282e49338250) Importer(815301076,1909f56bfc062723c751e8b465ee728b)
Start importing Assets/prefebs/Low Poly Pack - Environment Lite/Prefabs/Bush_2_2.prefab using Guid(1bc3d03f7253373488e2282e49338250) Importer(815301076,1909f56bfc062723c751e8b465ee728b)  -> (artifact id: 'e82673cff47255a9530340b749799fc2') in 0.026422 seconds
  Import took 0.036650 seconds .

========================================================================
Received Import Request.
  Time since last request: 0.000218 seconds.
  path: Assets/prefebs/Low Poly Pack - Environment Lite/Prefabs/Chest_1_7.prefab
  artifactKey: Guid(3b92adcf1b364b247a2d61fd3951f1d9) Importer(815301076,1909f56bfc062723c751e8b465ee728b)
Start importing Assets/prefebs/Low Poly Pack - Environment Lite/Prefabs/Chest_1_7.prefab using Guid(3b92adcf1b364b247a2d61fd3951f1d9) Importer(815301076,1909f56bfc062723c751e8b465ee728b)  -> (artifact id: '3409ad9eba91f3a238de88a6143786d7') in 0.022750 seconds
  Import took 0.030375 seconds .

========================================================================
Received Import Request.
  Time since last request: 0.000250 seconds.
  path: Assets/prefebs/Low Poly Pack - Environment Lite/Prefabs/Stone_1_7.prefab
  artifactKey: Guid(13a1e6fe1cb0ec14d88c0e6750e42fae) Importer(815301076,1909f56bfc062723c751e8b465ee728b)
Start importing Assets/prefebs/Low Poly Pack - Environment Lite/Prefabs/Stone_1_7.prefab using Guid(13a1e6fe1cb0ec14d88c0e6750e42fae) Importer(815301076,1909f56bfc062723c751e8b465ee728b)  -> (artifact id: '0ad79370c3c68f04599b8e801852971c') in 0.021066 seconds
  Import took 0.032348 seconds .

========================================================================
Received Import Request.
  Time since last request: 0.000237 seconds.
  path: Assets/prefebs/Low Poly Pack - Environment Lite/Prefabs/Bush_1_1.prefab
  artifactKey: Guid(75ccc42ac95c60d46b1f3062161af4cf) Importer(815301076,1909f56bfc062723c751e8b465ee728b)
Start importing Assets/prefebs/Low Poly Pack - Environment Lite/Prefabs/Bush_1_1.prefab using Guid(75ccc42ac95c60d46b1f3062161af4cf) Importer(815301076,1909f56bfc062723c751e8b465ee728b)  -> (artifact id: '5da6034f6567a4caeecb36b917da8915') in 0.022877 seconds
  Import took 0.025922 seconds .

========================================================================
Received Import Request.
  Time since last request: 0.000222 seconds.
  path: Assets/prefebs/Low Poly Pack - Environment Lite/Prefabs/Coffin_1_2.prefab
  artifactKey: Guid(8a8a5368519bfff45b3810944d77ec71) Importer(815301076,1909f56bfc062723c751e8b465ee728b)
Start importing Assets/prefebs/Low Poly Pack - Environment Lite/Prefabs/Coffin_1_2.prefab using Guid(8a8a5368519bfff45b3810944d77ec71) Importer(815301076,1909f56bfc062723c751e8b465ee728b)  -> (artifact id: 'b00bded29339232bfe1e0a92f77ce41f') in 0.035067 seconds
  Import took 0.051211 seconds .

========================================================================
Received Import Request.
  Time since last request: 0.000334 seconds.
  path: Assets/prefebs/Low Poly Pack - Environment Lite/Prefabs/Barrel_1_5.prefab
  artifactKey: Guid(3e11d8992c7896044a5461e7cf12c996) Importer(815301076,1909f56bfc062723c751e8b465ee728b)
Start importing Assets/prefebs/Low Poly Pack - Environment Lite/Prefabs/Barrel_1_5.prefab using Guid(3e11d8992c7896044a5461e7cf12c996) Importer(815301076,1909f56bfc062723c751e8b465ee728b)  -> (artifact id: '3ab76ed0e38b91dc38159762ff8c90d4') in 0.033809 seconds
  Import took 0.039235 seconds .

========================================================================
Received Import Request.
  Time since last request: 0.000510 seconds.
  path: Assets/prefebs/Low Poly Pack - Environment Lite/Prefabs/Cloud_1_5.prefab
  artifactKey: Guid(8ce7acfbc4a908940909bf2fcbc1233d) Importer(815301076,1909f56bfc062723c751e8b465ee728b)
Start importing Assets/prefebs/Low Poly Pack - Environment Lite/Prefabs/Cloud_1_5.prefab using Guid(8ce7acfbc4a908940909bf2fcbc1233d) Importer(815301076,1909f56bfc062723c751e8b465ee728b)  -> (artifact id: '9e938439633c4093b6540133927e93ee') in 0.035317 seconds
  Import took 0.038942 seconds .

========================================================================
Received Import Request.
  Time since last request: 0.000239 seconds.
  path: Assets/prefebs/Low Poly Pack - Environment Lite/Prefabs/House_1_1.prefab
  artifactKey: Guid(8bdbd35067bb1ff4e9904a4c3133991d) Importer(815301076,1909f56bfc062723c751e8b465ee728b)
Start importing Assets/prefebs/Low Poly Pack - Environment Lite/Prefabs/House_1_1.prefab using Guid(8bdbd35067bb1ff4e9904a4c3133991d) Importer(815301076,1909f56bfc062723c751e8b465ee728b)  -> (artifact id: '9493897f1cc4b9c4457fe1c2b84385c2') in 0.024542 seconds
  Import took 0.041743 seconds .

========================================================================
Received Import Request.
  Time since last request: 0.000299 seconds.
  path: Assets/prefebs/Low Poly Pack - Environment Lite/Prefabs/Fence_1_5.prefab
  artifactKey: Guid(72aa2807f4924be41808b0652e1a3be6) Importer(815301076,1909f56bfc062723c751e8b465ee728b)
Start importing Assets/prefebs/Low Poly Pack - Environment Lite/Prefabs/Fence_1_5.prefab using Guid(72aa2807f4924be41808b0652e1a3be6) Importer(815301076,1909f56bfc062723c751e8b465ee728b)  -> (artifact id: '8ccdc00e07388cacfb855f985c55060b') in 0.034324 seconds
  Import took 0.049891 seconds .

========================================================================
Received Import Request.
  Time since last request: 0.000488 seconds.
  path: Assets/prefebs/Low Poly Pack - Environment Lite/Prefabs/Stone_3_3.prefab
  artifactKey: Guid(94cbdac6bc5cf2c4ea8b8fe44eb3860b) Importer(815301076,1909f56bfc062723c751e8b465ee728b)
Start importing Assets/prefebs/Low Poly Pack - Environment Lite/Prefabs/Stone_3_3.prefab using Guid(94cbdac6bc5cf2c4ea8b8fe44eb3860b) Importer(815301076,1909f56bfc062723c751e8b465ee728b)  -> (artifact id: '672cb4321deddf4021bcd86f1ea2a520') in 0.037246 seconds
  Import took 0.041125 seconds .

========================================================================
Received Import Request.
  Time since last request: 0.000256 seconds.
  path: Assets/prefebs/Low Poly Pack - Environment Lite/Prefabs/Сrate_1_2.prefab
  artifactKey: Guid(f3df5426208eb9b41a3329e88754cba6) Importer(815301076,1909f56bfc062723c751e8b465ee728b)
Start importing Assets/prefebs/Low Poly Pack - Environment Lite/Prefabs/Сrate_1_2.prefab using Guid(f3df5426208eb9b41a3329e88754cba6) Importer(815301076,1909f56bfc062723c751e8b465ee728b)  -> (artifact id: 'a2799a1b39454613f4bf31e41c937e91') in 0.023866 seconds
  Import took 0.026793 seconds .

========================================================================
Received Import Request.
  Time since last request: 0.000259 seconds.
  path: Assets/prefebs/Low Poly Pack - Environment Lite/Prefabs/Rock_1_13.prefab
  artifactKey: Guid(4735f46fd4f427845b4678ceed9d7bab) Importer(815301076,1909f56bfc062723c751e8b465ee728b)
Start importing Assets/prefebs/Low Poly Pack - Environment Lite/Prefabs/Rock_1_13.prefab using Guid(4735f46fd4f427845b4678ceed9d7bab) Importer(815301076,1909f56bfc062723c751e8b465ee728b)  -> (artifact id: '9794bfaa60c582310297c5f5791fe503') in 0.022201 seconds
  Import took 0.025718 seconds .

========================================================================
Received Import Request.
  Time since last request: 0.000328 seconds.
  path: Assets/prefebs/Low Poly Pack - Environment Lite/Prefabs/Bucket_1_1.prefab
  artifactKey: Guid(20a2edbb5aaf6bf4a932566240f09151) Importer(815301076,1909f56bfc062723c751e8b465ee728b)
Start importing Assets/prefebs/Low Poly Pack - Environment Lite/Prefabs/Bucket_1_1.prefab using Guid(20a2edbb5aaf6bf4a932566240f09151) Importer(815301076,1909f56bfc062723c751e8b465ee728b)  -> (artifact id: '6090c7d14f209a315be96f9a0699d3fe') in 0.061415 seconds
  Import took 0.065897 seconds .

========================================================================
Received Import Request.
  Time since last request: 0.000279 seconds.
  path: Assets/prefebs/Low Poly Pack - Environment Lite/Prefabs/Headstone_6_1.prefab
  artifactKey: Guid(be70ab8c831a5934daabc2b5fff57616) Importer(815301076,1909f56bfc062723c751e8b465ee728b)
Start importing Assets/prefebs/Low Poly Pack - Environment Lite/Prefabs/Headstone_6_1.prefab using Guid(be70ab8c831a5934daabc2b5fff57616) Importer(815301076,1909f56bfc062723c751e8b465ee728b)  -> (artifact id: '73210b8505c0459d2024643b9ed9281b') in 0.032926 seconds
  Import took 0.048868 seconds .

========================================================================
Received Import Request.
  Time since last request: 0.000233 seconds.
  path: Assets/prefebs/Low Poly Pack - Environment Lite/Prefabs/Headstone_2_5.prefab
  artifactKey: Guid(8dfd1c3242055c943a88942e00e8c78c) Importer(815301076,1909f56bfc062723c751e8b465ee728b)
Start importing Assets/prefebs/Low Poly Pack - Environment Lite/Prefabs/Headstone_2_5.prefab using Guid(8dfd1c3242055c943a88942e00e8c78c) Importer(815301076,1909f56bfc062723c751e8b465ee728b)  -> (artifact id: '5ce63ba6a73f11ceec5ff6dd678f701e') in 0.031477 seconds
  Import took 0.034432 seconds .

========================================================================
Received Import Request.
  Time since last request: 0.000245 seconds.
  path: Assets/prefebs/Low Poly Pack - Environment Lite/Prefabs/Bridge_1_4.prefab
  artifactKey: Guid(58c3ff84da0e02a428df97e62d1316d0) Importer(815301076,1909f56bfc062723c751e8b465ee728b)
Start importing Assets/prefebs/Low Poly Pack - Environment Lite/Prefabs/Bridge_1_4.prefab using Guid(58c3ff84da0e02a428df97e62d1316d0) Importer(815301076,1909f56bfc062723c751e8b465ee728b)  -> (artifact id: '2c00743b854b3b0154afe7f9ecaa5af7') in 0.022654 seconds
  Import took 0.026035 seconds .

========================================================================
Received Import Request.
  Time since last request: 0.000236 seconds.
  path: Assets/prefebs/Low Poly Pack - Environment Lite/Prefabs/Jug_1_1 1.prefab
  artifactKey: Guid(0380a88aab4adca4c9a4487c6a3456e4) Importer(815301076,1909f56bfc062723c751e8b465ee728b)
Start importing Assets/prefebs/Low Poly Pack - Environment Lite/Prefabs/Jug_1_1 1.prefab using Guid(0380a88aab4adca4c9a4487c6a3456e4) Importer(815301076,1909f56bfc062723c751e8b465ee728b)  -> (artifact id: '5a086fcf806df2ba48cc7ae688d6e2ed') in 0.020580 seconds
  Import took 0.034022 seconds .

========================================================================
Received Import Request.
  Time since last request: 0.000239 seconds.
  path: Assets/prefebs/Low Poly Pack - Environment Lite/Prefabs/Stump_3_3.prefab
  artifactKey: Guid(d89d7598597bf9f41b905638b7419177) Importer(815301076,1909f56bfc062723c751e8b465ee728b)
Start importing Assets/prefebs/Low Poly Pack - Environment Lite/Prefabs/Stump_3_3.prefab using Guid(d89d7598597bf9f41b905638b7419177) Importer(815301076,1909f56bfc062723c751e8b465ee728b)  -> (artifact id: 'b615b4e2d1949464694c417d668dbd37') in 0.031964 seconds
  Import took 0.045144 seconds .

========================================================================
Received Import Request.
  Time since last request: 0.000277 seconds.
  path: Assets/prefebs/Low Poly Pack - Environment Lite/Prefabs/Tree_6_4.prefab
  artifactKey: Guid(64e244353f381b34faae5433fd69793f) Importer(815301076,1909f56bfc062723c751e8b465ee728b)
Start importing Assets/prefebs/Low Poly Pack - Environment Lite/Prefabs/Tree_6_4.prefab using Guid(64e244353f381b34faae5433fd69793f) Importer(815301076,1909f56bfc062723c751e8b465ee728b)  -> (artifact id: 'cbf235648584647b5bbe27a346f821bc') in 0.033634 seconds
  Import took 0.036716 seconds .

========================================================================
Received Import Request.
  Time since last request: 0.000229 seconds.
  path: Assets/prefebs/Low Poly Pack - Environment Lite/Prefabs/Stone_1_8.prefab
  artifactKey: Guid(20f78a4119bfe3842b548c5750b5fe22) Importer(815301076,1909f56bfc062723c751e8b465ee728b)
Start importing Assets/prefebs/Low Poly Pack - Environment Lite/Prefabs/Stone_1_8.prefab using Guid(20f78a4119bfe3842b548c5750b5fe22) Importer(815301076,1909f56bfc062723c751e8b465ee728b)  -> (artifact id: 'ed890094072bc5c83fdce12de537a346') in 0.036469 seconds
  Import took 0.039492 seconds .

========================================================================
Received Import Request.
  Time since last request: 0.000286 seconds.
  path: Assets/prefebs/Low Poly Pack - Environment Lite/Prefabs/Tree_2_4.prefab
  artifactKey: Guid(467d14d5df4995f4f8465ef0dbc4711c) Importer(815301076,1909f56bfc062723c751e8b465ee728b)
Start importing Assets/prefebs/Low Poly Pack - Environment Lite/Prefabs/Tree_2_4.prefab using Guid(467d14d5df4995f4f8465ef0dbc4711c) Importer(815301076,1909f56bfc062723c751e8b465ee728b)  -> (artifact id: '39d281acda2bc1f52dc2320e41ce634d') in 0.024428 seconds
  Import took 0.028073 seconds .

========================================================================
Received Import Request.
  Time since last request: 0.000227 seconds.
  path: Assets/prefebs/Low Poly Pack - Environment Lite/Prefabs/Chest_2_7.prefab
  artifactKey: Guid(1ac96ae7f39dfdd449e94dd35fca0b72) Importer(815301076,1909f56bfc062723c751e8b465ee728b)
Start importing Assets/prefebs/Low Poly Pack - Environment Lite/Prefabs/Chest_2_7.prefab using Guid(1ac96ae7f39dfdd449e94dd35fca0b72) Importer(815301076,1909f56bfc062723c751e8b465ee728b)  -> (artifact id: 'c9419acb6097f8f5dafc73790d75ad78') in 0.028940 seconds
  Import took 0.031681 seconds .

========================================================================
Received Import Request.
  Time since last request: 0.000194 seconds.
  path: Assets/prefebs/Low Poly Pack - Environment Lite/Prefabs/Wall_1_1.prefab
  artifactKey: Guid(aa180dcf2cbb78344bdde3e825cd519a) Importer(815301076,1909f56bfc062723c751e8b465ee728b)
Start importing Assets/prefebs/Low Poly Pack - Environment Lite/Prefabs/Wall_1_1.prefab using Guid(aa180dcf2cbb78344bdde3e825cd519a) Importer(815301076,1909f56bfc062723c751e8b465ee728b)  -> (artifact id: 'c2d82de9abfd2f2181a4d13563c4f488') in 0.019512 seconds
  Import took 0.039668 seconds .

========================================================================
Received Import Request.
  Time since last request: 0.000275 seconds.
  path: Assets/prefebs/Low Poly Pack - Environment Lite/Prefabs/Rock_1_15.prefab
  artifactKey: Guid(1d5f3ac72f6110748ba6fc868876f5a4) Importer(815301076,1909f56bfc062723c751e8b465ee728b)
Start importing Assets/prefebs/Low Poly Pack - Environment Lite/Prefabs/Rock_1_15.prefab using Guid(1d5f3ac72f6110748ba6fc868876f5a4) Importer(815301076,1909f56bfc062723c751e8b465ee728b)  -> (artifact id: 'a4fdf8b7e0a4a683f07fe2477e28ccd0') in 0.024006 seconds
  Import took 0.028567 seconds .

========================================================================
Received Import Request.
  Time since last request: 0.000227 seconds.
  path: Assets/prefebs/Low Poly Pack - Environment Lite/Prefabs/Stone_3_1.prefab
  artifactKey: Guid(a46c65b8d73e4f94e8c18ab07bad6cd7) Importer(815301076,1909f56bfc062723c751e8b465ee728b)
Start importing Assets/prefebs/Low Poly Pack - Environment Lite/Prefabs/Stone_3_1.prefab using Guid(a46c65b8d73e4f94e8c18ab07bad6cd7) Importer(815301076,1909f56bfc062723c751e8b465ee728b)  -> (artifact id: '3143203c1df99047f98fb42da5d98bd6') in 0.024049 seconds
  Import took 0.026970 seconds .

========================================================================
Received Import Request.
  Time since last request: 0.000305 seconds.
  path: Assets/prefebs/Low Poly Pack - Environment Lite/Prefabs/Grass_2_1.prefab
  artifactKey: Guid(288a99e50b7d40e479400f230d31fb28) Importer(815301076,1909f56bfc062723c751e8b465ee728b)
Start importing Assets/prefebs/Low Poly Pack - Environment Lite/Prefabs/Grass_2_1.prefab using Guid(288a99e50b7d40e479400f230d31fb28) Importer(815301076,1909f56bfc062723c751e8b465ee728b)  -> (artifact id: '8155ad7936803891ffdc09be6bd423f1') in 0.029692 seconds
  Import took 0.032739 seconds .

========================================================================
Received Import Request.
  Time since last request: 0.000309 seconds.
  path: Assets/prefebs/Low Poly Pack - Environment Lite/Prefabs/Stone_3_2.prefab
  artifactKey: Guid(c60839d5374ca364a96378433d932845) Importer(815301076,1909f56bfc062723c751e8b465ee728b)
Start importing Assets/prefebs/Low Poly Pack - Environment Lite/Prefabs/Stone_3_2.prefab using Guid(c60839d5374ca364a96378433d932845) Importer(815301076,1909f56bfc062723c751e8b465ee728b)  -> (artifact id: 'c8f1212c4966e43795f280b1de4029ce') in 0.028155 seconds
  Import took 0.031857 seconds .

========================================================================
Received Import Request.
  Time since last request: 0.000290 seconds.
  path: Assets/prefebs/Low Poly Pack - Environment Lite/Prefabs/Gate_1_1.prefab
  artifactKey: Guid(4c2122c626d9a1d4c99d4ae898ccc727) Importer(815301076,1909f56bfc062723c751e8b465ee728b)
Start importing Assets/prefebs/Low Poly Pack - Environment Lite/Prefabs/Gate_1_1.prefab using Guid(4c2122c626d9a1d4c99d4ae898ccc727) Importer(815301076,1909f56bfc062723c751e8b465ee728b)  -> (artifact id: '1c4fd4354bae90ea82c2f340b89ce152') in 0.027382 seconds
  Import took 0.032538 seconds .

========================================================================
Received Import Request.
  Time since last request: 0.000296 seconds.
  path: Assets/prefebs/Low Poly Pack - Environment Lite/Prefabs/Box_2_1.prefab
  artifactKey: Guid(0b054356ce925634183cb5e92cceb9fc) Importer(815301076,1909f56bfc062723c751e8b465ee728b)
Start importing Assets/prefebs/Low Poly Pack - Environment Lite/Prefabs/Box_2_1.prefab using Guid(0b054356ce925634183cb5e92cceb9fc) Importer(815301076,1909f56bfc062723c751e8b465ee728b)  -> (artifact id: '4597ff0f46db5f167c8f7774bba1f821') in 0.030350 seconds
  Import took 0.033853 seconds .

========================================================================
Received Import Request.
  Time since last request: 0.000269 seconds.
  path: Assets/prefebs/Low Poly Pack - Environment Lite/Prefabs/Column_1_1.prefab
  artifactKey: Guid(aaa2bcc0e0a642b4191e1ea0d18dfece) Importer(815301076,1909f56bfc062723c751e8b465ee728b)
Start importing Assets/prefebs/Low Poly Pack - Environment Lite/Prefabs/Column_1_1.prefab using Guid(aaa2bcc0e0a642b4191e1ea0d18dfece) Importer(815301076,1909f56bfc062723c751e8b465ee728b)  -> (artifact id: '02b8758e5e951f7b36c7b0016841a96a') in 0.067016 seconds
  Import took 0.071100 seconds .

========================================================================
Received Import Request.
  Time since last request: 0.000236 seconds.
  path: Assets/prefebs/Low Poly Pack - Environment Lite/Prefabs/Bush_3_2.prefab
  artifactKey: Guid(2bc9623e59a852748a20574e591ff3d9) Importer(815301076,1909f56bfc062723c751e8b465ee728b)
Start importing Assets/prefebs/Low Poly Pack - Environment Lite/Prefabs/Bush_3_2.prefab using Guid(2bc9623e59a852748a20574e591ff3d9) Importer(815301076,1909f56bfc062723c751e8b465ee728b)  -> (artifact id: '66329318592f0082a904557cd926cf5f') in 0.027184 seconds
  Import took 0.030933 seconds .

========================================================================
Received Import Request.
  Time since last request: 0.000233 seconds.
  path: Assets/prefebs/Low Poly Pack - Environment Lite/Prefabs/Bridge_4_2.prefab
  artifactKey: Guid(99687c5f5b7b7fc47b072294a2888938) Importer(815301076,1909f56bfc062723c751e8b465ee728b)
Start importing Assets/prefebs/Low Poly Pack - Environment Lite/Prefabs/Bridge_4_2.prefab using Guid(99687c5f5b7b7fc47b072294a2888938) Importer(815301076,1909f56bfc062723c751e8b465ee728b)  -> (artifact id: '3c8afbf6fd43d5945c01a3965eab6208') in 0.020633 seconds
  Import took 0.024336 seconds .

========================================================================
Received Import Request.
  Time since last request: 0.000295 seconds.
  path: Assets/prefebs/Low Poly Pack - Environment Lite/Prefabs/Market_stall_1_2.prefab
  artifactKey: Guid(9a519935455363d45a2fddc43a8ab660) Importer(815301076,1909f56bfc062723c751e8b465ee728b)
Start importing Assets/prefebs/Low Poly Pack - Environment Lite/Prefabs/Market_stall_1_2.prefab using Guid(9a519935455363d45a2fddc43a8ab660) Importer(815301076,1909f56bfc062723c751e8b465ee728b)  -> (artifact id: 'b7a3cbd8e3cc010663d46b09cb81862d') in 0.025297 seconds
  Import took 0.028485 seconds .

========================================================================
Received Import Request.
  Time since last request: 0.000239 seconds.
  path: Assets/prefebs/Low Poly Pack - Environment Lite/Prefabs/Headstone_4_1.prefab
  artifactKey: Guid(e0ea4cc4b1b95a44981468ff011c1a12) Importer(815301076,1909f56bfc062723c751e8b465ee728b)
Start importing Assets/prefebs/Low Poly Pack - Environment Lite/Prefabs/Headstone_4_1.prefab using Guid(e0ea4cc4b1b95a44981468ff011c1a12) Importer(815301076,1909f56bfc062723c751e8b465ee728b)  -> (artifact id: '8c37db4394c29c819226aa418f494917') in 0.024446 seconds
  Import took 0.027990 seconds .

========================================================================
Received Import Request.
  Time since last request: 0.000268 seconds.
  path: Assets/prefebs/Low Poly Pack - Environment Lite/Prefabs/Bag_1_1.prefab
  artifactKey: Guid(771590eb8d0c1a548ab510cb0ea84df0) Importer(815301076,1909f56bfc062723c751e8b465ee728b)
Start importing Assets/prefebs/Low Poly Pack - Environment Lite/Prefabs/Bag_1_1.prefab using Guid(771590eb8d0c1a548ab510cb0ea84df0) Importer(815301076,1909f56bfc062723c751e8b465ee728b)  -> (artifact id: 'a16b0a2410381c7f369dc6c98a827f26') in 0.022378 seconds
  Import took 0.026197 seconds .

========================================================================
Received Import Request.
  Time since last request: 0.000871 seconds.
  path: Assets/prefebs/Low Poly Pack - Environment Lite/Prefabs/Stone_1_6.prefab
  artifactKey: Guid(6964eeab119d6ac48ab7269b8f0508c5) Importer(815301076,1909f56bfc062723c751e8b465ee728b)
Start importing Assets/prefebs/Low Poly Pack - Environment Lite/Prefabs/Stone_1_6.prefab using Guid(6964eeab119d6ac48ab7269b8f0508c5) Importer(815301076,1909f56bfc062723c751e8b465ee728b)  -> (artifact id: '1e4af0822ee6536be791fb4e818b34e6') in 0.021136 seconds
  Import took 0.024659 seconds .

========================================================================
Received Import Request.
  Time since last request: 0.000247 seconds.
  path: Assets/prefebs/Low Poly Pack - Environment Lite/Prefabs/Mushroom_1_2.prefab
  artifactKey: Guid(652472ea6528f0d449e98084839f05dd) Importer(815301076,1909f56bfc062723c751e8b465ee728b)
Start importing Assets/prefebs/Low Poly Pack - Environment Lite/Prefabs/Mushroom_1_2.prefab using Guid(652472ea6528f0d449e98084839f05dd) Importer(815301076,1909f56bfc062723c751e8b465ee728b)  -> (artifact id: '6000eb8e9b53bd90a41302c8afe00933') in 0.028468 seconds
  Import took 0.031922 seconds .

========================================================================
Received Prepare
Registering precompiled user dll's ...
Registered in 0.001019 seconds.
Begin MonoManager ReloadAssembly
Native extension for WindowsStandalone target not found
Refreshing native plugins compatible for Editor in 0.31 ms, found 0 plugins.
Preloading 0 native plugins for Editor in 0.00 ms.
Mono: successfully reloaded assembly
- Completed reload, in  1.146 seconds
Platform modules already initialized, skipping
Refreshing native plugins compatible for Editor in 0.48 ms, found 0 plugins.
Preloading 0 native plugins for Editor in 0.00 ms.
Unloading 1120 Unused Serialized files (Serialized files now loaded: 0)
System memory in use before: 69.2 MB.
System memory in use after: 69.3 MB.

Unloading 5 unused Assets to reduce memory usage. Loaded Objects now: 1623.
Total: 2.650200 ms (FindLiveObjects: 0.206500 ms CreateObjectMapping: 0.086100 ms MarkObjects: 2.284400 ms  DeleteObjects: 0.071700 ms)

========================================================================
Received Prepare
Registering precompiled user dll's ...
Registered in 0.001155 seconds.
Begin MonoManager ReloadAssembly
Native extension for WindowsStandalone target not found
Refreshing native plugins compatible for Editor in 0.35 ms, found 0 plugins.
Preloading 0 native plugins for Editor in 0.00 ms.
Mono: successfully reloaded assembly
- Completed reload, in  1.307 seconds
Platform modules already initialized, skipping
Refreshing native plugins compatible for Editor in 0.33 ms, found 0 plugins.
Preloading 0 native plugins for Editor in 0.00 ms.
Unloading 1120 Unused Serialized files (Serialized files now loaded: 0)
System memory in use before: 69.2 MB.
System memory in use after: 69.3 MB.

Unloading 5 unused Assets to reduce memory usage. Loaded Objects now: 1626.
Total: 2.076500 ms (FindLiveObjects: 0.162400 ms CreateObjectMapping: 0.057700 ms MarkObjects: 1.785500 ms  DeleteObjects: 0.069800 ms)

========================================================================
Received Prepare
Registering precompiled user dll's ...
Registered in 0.001844 seconds.
Begin MonoManager ReloadAssembly
Native extension for WindowsStandalone target not found
Refreshing native plugins compatible for Editor in 0.31 ms, found 0 plugins.
Preloading 0 native plugins for Editor in 0.00 ms.
Mono: successfully reloaded assembly
- Completed reload, in  1.328 seconds
Platform modules already initialized, skipping
Refreshing native plugins compatible for Editor in 0.31 ms, found 0 plugins.
Preloading 0 native plugins for Editor in 0.00 ms.
Unloading 1120 Unused Serialized files (Serialized files now loaded: 0)
System memory in use before: 69.2 MB.
System memory in use after: 69.3 MB.

Unloading 5 unused Assets to reduce memory usage. Loaded Objects now: 1629.
Total: 2.541400 ms (FindLiveObjects: 0.203100 ms CreateObjectMapping: 0.083100 ms MarkObjects: 2.190400 ms  DeleteObjects: 0.063900 ms)

========================================================================
Received Import Request.
  Time since last request: 1590.834691 seconds.
  path: Assets/prefebs/Low Poly Pack - Environment Lite
  artifactKey: Guid(6604ba64b049b9b48890ef995f7ba468) Importer(815301076,1909f56bfc062723c751e8b465ee728b)
Start importing Assets/prefebs/Low Poly Pack - Environment Lite using Guid(6604ba64b049b9b48890ef995f7ba468) Importer(815301076,1909f56bfc062723c751e8b465ee728b)  -> (artifact id: '79db9a756cdbfd918905cbdd2163d00d') in 0.049859 seconds
  Import took 0.053578 seconds .

========================================================================
Received Prepare
Registering precompiled user dll's ...
Registered in 0.002025 seconds.
Begin MonoManager ReloadAssembly
Native extension for WindowsStandalone target not found
Refreshing native plugins compatible for Editor in 0.38 ms, found 0 plugins.
Preloading 0 native plugins for Editor in 0.00 ms.
Mono: successfully reloaded assembly
- Completed reload, in  1.231 seconds
Platform modules already initialized, skipping
Refreshing native plugins compatible for Editor in 0.32 ms, found 0 plugins.
Preloading 0 native plugins for Editor in 0.00 ms.
Unloading 1120 Unused Serialized files (Serialized files now loaded: 0)
System memory in use before: 69.2 MB.
System memory in use after: 69.3 MB.

Unloading 5 unused Assets to reduce memory usage. Loaded Objects now: 1632.
Total: 2.320900 ms (FindLiveObjects: 0.207600 ms CreateObjectMapping: 0.101800 ms MarkObjects: 1.938100 ms  DeleteObjects: 0.071800 ms)

========================================================================
Received Prepare
Registering precompiled user dll's ...
Registered in 0.001336 seconds.
Begin MonoManager ReloadAssembly
Native extension for WindowsStandalone target not found
Refreshing native plugins compatible for Editor in 0.55 ms, found 0 plugins.
Preloading 0 native plugins for Editor in 0.00 ms.
Mono: successfully reloaded assembly
- Completed reload, in  1.186 seconds
Platform modules already initialized, skipping
Refreshing native plugins compatible for Editor in 0.32 ms, found 0 plugins.
Preloading 0 native plugins for Editor in 0.00 ms.
Unloading 1120 Unused Serialized files (Serialized files now loaded: 0)
System memory in use before: 69.3 MB.
System memory in use after: 69.3 MB.

Unloading 5 unused Assets to reduce memory usage. Loaded Objects now: 1635.
Total: 2.023200 ms (FindLiveObjects: 0.165100 ms CreateObjectMapping: 0.051800 ms MarkObjects: 1.734300 ms  DeleteObjects: 0.070600 ms)

========================================================================
Received Prepare
Registering precompiled user dll's ...
Registered in 0.001049 seconds.
Begin MonoManager ReloadAssembly
Native extension for WindowsStandalone target not found
Refreshing native plugins compatible for Editor in 0.43 ms, found 0 plugins.
Preloading 0 native plugins for Editor in 0.00 ms.
Mono: successfully reloaded assembly
- Completed reload, in  1.714 seconds
Platform modules already initialized, skipping
Refreshing native plugins compatible for Editor in 0.56 ms, found 0 plugins.
Preloading 0 native plugins for Editor in 0.00 ms.
Unloading 1120 Unused Serialized files (Serialized files now loaded: 0)
System memory in use before: 69.3 MB.
System memory in use after: 69.3 MB.

Unloading 5 unused Assets to reduce memory usage. Loaded Objects now: 1638.
Total: 4.499100 ms (FindLiveObjects: 0.229000 ms CreateObjectMapping: 0.114700 ms MarkObjects: 3.857600 ms  DeleteObjects: 0.292200 ms)

========================================================================
Received Prepare
Registering precompiled user dll's ...
Registered in 0.000913 seconds.
Begin MonoManager ReloadAssembly
Native extension for WindowsStandalone target not found
Refreshing native plugins compatible for Editor in 0.36 ms, found 0 plugins.
Preloading 0 native plugins for Editor in 0.00 ms.
Mono: successfully reloaded assembly
- Completed reload, in  1.292 seconds
Platform modules already initialized, skipping
Refreshing native plugins compatible for Editor in 0.30 ms, found 0 plugins.
Preloading 0 native plugins for Editor in 0.00 ms.
Unloading 1120 Unused Serialized files (Serialized files now loaded: 0)
System memory in use before: 69.3 MB.
System memory in use after: 69.3 MB.

Unloading 5 unused Assets to reduce memory usage. Loaded Objects now: 1641.
Total: 2.078900 ms (FindLiveObjects: 0.128900 ms CreateObjectMapping: 0.043500 ms MarkObjects: 1.841900 ms  DeleteObjects: 0.063500 ms)

AssetImportWorkerClient::OnTransportError - code=2 error=End of file
